RUN	CrowdFunding	crowdfunding	1443000758611	One node	2.0
USER	CrowdFunding	1	START	1443000759109	1443000759109
USER	CrowdFunding	2	START	1443000759112	1443000759112
USER	CrowdFunding	3	START	1443000759112	1443000759112
USER	CrowdFunding	4	START	1443000759112	1443000759112
USER	CrowdFunding	5	START	1443000759112	1443000759112
USER	CrowdFunding	6	START	1443000759112	1443000759112
USER	CrowdFunding	7	START	1443000759112	1443000759112
USER	CrowdFunding	8	START	1443000759112	1443000759112
USER	CrowdFunding	9	START	1443000759112	1443000759112
USER	CrowdFunding	10	START	1443000759112	1443000759112
USER	CrowdFunding	11	START	1443000759112	1443000759112
USER	CrowdFunding	12	START	1443000759112	1443000759112
USER	CrowdFunding	13	START	1443000759112	1443000759112
USER	CrowdFunding	14	START	1443000759112	1443000759112
USER	CrowdFunding	15	START	1443000759112	1443000759112
USER	CrowdFunding	16	START	1443000759112	1443000759112
USER	CrowdFunding	17	START	1443000759112	1443000759112
USER	CrowdFunding	18	START	1443000759112	1443000759112
USER	CrowdFunding	19	START	1443000759112	1443000759112
USER	CrowdFunding	20	START	1443000759112	1443000759112
USER	CrowdFunding	21	START	1443000759112	1443000759112
USER	CrowdFunding	22	START	1443000759112	1443000759112
USER	CrowdFunding	23	START	1443000759112	1443000759112
USER	CrowdFunding	24	START	1443000759112	1443000759112
USER	CrowdFunding	25	START	1443000759112	1443000759112
USER	CrowdFunding	26	START	1443000759112	1443000759112
USER	CrowdFunding	27	START	1443000759112	1443000759112
USER	CrowdFunding	28	START	1443000759112	1443000759112
USER	CrowdFunding	29	START	1443000759112	1443000759112
USER	CrowdFunding	30	START	1443000759112	1443000759112
USER	CrowdFunding	31	START	1443000759112	1443000759112
USER	CrowdFunding	32	START	1443000759112	1443000759112
USER	CrowdFunding	33	START	1443000759112	1443000759112
USER	CrowdFunding	34	START	1443000759112	1443000759112
USER	CrowdFunding	35	START	1443000759112	1443000759112
USER	CrowdFunding	36	START	1443000759112	1443000759112
USER	CrowdFunding	37	START	1443000759112	1443000759112
USER	CrowdFunding	38	START	1443000759112	1443000759112
USER	CrowdFunding	39	START	1443000759112	1443000759112
USER	CrowdFunding	40	START	1443000759112	1443000759112
USER	CrowdFunding	41	START	1443000759112	1443000759112
USER	CrowdFunding	42	START	1443000759112	1443000759112
USER	CrowdFunding	43	START	1443000759112	1443000759112
USER	CrowdFunding	44	START	1443000759112	1443000759112
USER	CrowdFunding	45	START	1443000759112	1443000759112
USER	CrowdFunding	46	START	1443000759113	1443000759113
USER	CrowdFunding	47	START	1443000759113	1443000759113
USER	CrowdFunding	48	START	1443000759113	1443000759113
USER	CrowdFunding	49	START	1443000759113	1443000759113
USER	CrowdFunding	50	START	1443000759113	1443000759113
USER	CrowdFunding	51	START	1443000759113	1443000759113
USER	CrowdFunding	52	START	1443000759113	1443000759113
USER	CrowdFunding	53	START	1443000759113	1443000759113
USER	CrowdFunding	54	START	1443000759113	1443000759113
USER	CrowdFunding	55	START	1443000759113	1443000759113
USER	CrowdFunding	56	START	1443000759113	1443000759113
USER	CrowdFunding	57	START	1443000759113	1443000759113
USER	CrowdFunding	58	START	1443000759113	1443000759113
USER	CrowdFunding	59	START	1443000759113	1443000759113
USER	CrowdFunding	60	START	1443000759113	1443000759113
USER	CrowdFunding	61	START	1443000759113	1443000759113
USER	CrowdFunding	62	START	1443000759113	1443000759113
USER	CrowdFunding	63	START	1443000759113	1443000759113
USER	CrowdFunding	64	START	1443000759113	1443000759113
USER	CrowdFunding	65	START	1443000759113	1443000759113
USER	CrowdFunding	66	START	1443000759113	1443000759113
USER	CrowdFunding	67	START	1443000759113	1443000759113
USER	CrowdFunding	68	START	1443000759113	1443000759113
USER	CrowdFunding	69	START	1443000759113	1443000759113
USER	CrowdFunding	70	START	1443000759113	1443000759113
USER	CrowdFunding	71	START	1443000759113	1443000759113
USER	CrowdFunding	72	START	1443000759113	1443000759113
USER	CrowdFunding	73	START	1443000759113	1443000759113
USER	CrowdFunding	74	START	1443000759113	1443000759113
USER	CrowdFunding	75	START	1443000759113	1443000759113
USER	CrowdFunding	76	START	1443000759113	1443000759113
USER	CrowdFunding	77	START	1443000759113	1443000759113
USER	CrowdFunding	78	START	1443000759113	1443000759113
USER	CrowdFunding	79	START	1443000759113	1443000759113
USER	CrowdFunding	80	START	1443000759113	1443000759113
USER	CrowdFunding	81	START	1443000759113	1443000759113
USER	CrowdFunding	82	START	1443000759113	1443000759113
USER	CrowdFunding	83	START	1443000759113	1443000759113
USER	CrowdFunding	84	START	1443000759113	1443000759113
USER	CrowdFunding	85	START	1443000759113	1443000759113
USER	CrowdFunding	86	START	1443000759113	1443000759113
USER	CrowdFunding	87	START	1443000759113	1443000759113
USER	CrowdFunding	88	START	1443000759113	1443000759113
USER	CrowdFunding	89	START	1443000759113	1443000759113
USER	CrowdFunding	90	START	1443000759113	1443000759113
USER	CrowdFunding	91	START	1443000759113	1443000759113
USER	CrowdFunding	92	START	1443000759113	1443000759113
USER	CrowdFunding	93	START	1443000759113	1443000759113
USER	CrowdFunding	94	START	1443000759113	1443000759113
USER	CrowdFunding	95	START	1443000759114	1443000759114
USER	CrowdFunding	96	START	1443000759114	1443000759114
USER	CrowdFunding	97	START	1443000759114	1443000759114
USER	CrowdFunding	98	START	1443000759114	1443000759114
USER	CrowdFunding	99	START	1443000759114	1443000759114
USER	CrowdFunding	100	START	1443000759114	1443000759114
REQUEST	CrowdFunding	4		homepage	1443000759155	1443000759224	OK	 
REQUEST	CrowdFunding	8		homepage	1443000759165	1443000759238	OK	 
REQUEST	CrowdFunding	6		homepage	1443000759161	1443000759269	OK	 
REQUEST	CrowdFunding	3		homepage	1443000759153	1443000759238	OK	 
REQUEST	CrowdFunding	1		homepage	1443000759141	1443000759357	OK	 
REQUEST	CrowdFunding	9		homepage	1443000759168	1443000759358	OK	 
REQUEST	CrowdFunding	12		homepage	1443000759171	1443000759365	OK	 
REQUEST	CrowdFunding	16		homepage	1443000759176	1443000759370	OK	 
REQUEST	CrowdFunding	11		homepage	1443000759170	1443000759376	OK	 
REQUEST	CrowdFunding	14		homepage	1443000759174	1443000759388	OK	 
REQUEST	CrowdFunding	19		homepage	1443000759187	1443000759392	OK	 
REQUEST	CrowdFunding	5		homepage	1443000759159	1443000759383	OK	 
REQUEST	CrowdFunding	35		homepage	1443000759208	1443000759419	OK	 
REQUEST	CrowdFunding	86		homepage	1443000759301	1443000759587	OK	 
REQUEST	CrowdFunding	2		homepage	1443000759152	1443000759403	OK	 
REQUEST	CrowdFunding	78		homepage	1443000759293	1443000759563	OK	 
REQUEST	CrowdFunding	23		homepage	1443000759193	1443000759642	OK	 
REQUEST	CrowdFunding	44		homepage	1443000759238	1443000759646	OK	 
REQUEST	CrowdFunding	32		homepage	1443000759205	1443000759394	OK	 
REQUEST	CrowdFunding	54		homepage	1443000759251	1443000759563	OK	 
REQUEST	CrowdFunding	47		homepage	1443000759241	1443000759644	OK	 
REQUEST	CrowdFunding	13		homepage	1443000759172	1443000759402	OK	 
REQUEST	CrowdFunding	62		homepage	1443000759275	1443000759564	OK	 
REQUEST	CrowdFunding	95		homepage	1443000759310	1443000759644	OK	 
REQUEST	CrowdFunding	22		homepage	1443000759192	1443000759419	OK	 
REQUEST	CrowdFunding	45		homepage	1443000759239	1443000759530	OK	 
REQUEST	CrowdFunding	42		homepage	1443000759231	1443000759565	OK	 
REQUEST	CrowdFunding	28		homepage	1443000759199	1443000759412	OK	 
REQUEST	CrowdFunding	70		homepage	1443000759284	1443000759564	OK	 
REQUEST	CrowdFunding	2		InitiateCall2.jsp	1443000759626	1443000759645	OK	 
REQUEST	CrowdFunding	7		homepage	1443000759164	1443000759401	OK	 
REQUEST	CrowdFunding	15		homepage	1443000759175	1443000759449	OK	 
REQUEST	CrowdFunding	74		homepage	1443000759289	1443000759647	OK	 
REQUEST	CrowdFunding	38		homepage	1443000759214	1443000759563	OK	 
REQUEST	CrowdFunding	31		homepage	1443000759203	1443000759642	OK	 
REQUEST	CrowdFunding	92		homepage	1443000759307	1443000759651	OK	 
REQUEST	CrowdFunding	40		homepage	1443000759224	1443000759651	OK	 
REQUEST	CrowdFunding	48		homepage	1443000759242	1443000759695	OK	 
REQUEST	CrowdFunding	54		InitiateCall2.jsp	1443000759682	1443000759701	OK	 
REQUEST	CrowdFunding	43		homepage	1443000759233	1443000759480	OK	 
REQUEST	CrowdFunding	39		homepage	1443000759222	1443000759641	OK	 
REQUEST	CrowdFunding	24		homepage	1443000759194	1443000759554	OK	 
REQUEST	CrowdFunding	10		homepage	1443000759169	1443000759404	OK	 
REQUEST	CrowdFunding	94		homepage	1443000759309	1443000759564	OK	 
REQUEST	CrowdFunding	87		homepage	1443000759302	1443000759644	OK	 
REQUEST	CrowdFunding	32		InitiateCall2.jsp	1443000759680	1443000759697	OK	 
REQUEST	CrowdFunding	20		homepage	1443000759188	1443000759412	OK	 
REQUEST	CrowdFunding	27		homepage	1443000759197	1443000759512	OK	 
REQUEST	CrowdFunding	78		InitiateCall2.jsp	1443000759632	1443000759646	OK	 
REQUEST	CrowdFunding	30		homepage	1443000759201	1443000759388	OK	 
REQUEST	CrowdFunding	46		homepage	1443000759240	1443000759587	OK	 
REQUEST	CrowdFunding	36		homepage	1443000759210	1443000759543	OK	 
REQUEST	CrowdFunding	38		InitiateCall2.jsp	1443000759729	1443000759741	OK	 
REQUEST	CrowdFunding	40		InitiateCall2.jsp	1443000759772	1443000759783	OK	 
REQUEST	CrowdFunding	4		InitiateCall2.jsp	1443000759647	1443000759673	OK	 
REQUEST	CrowdFunding	22		InitiateCall2.jsp	1443000759722	1443000759804	OK	 
REQUEST	CrowdFunding	16		InitiateCall2.jsp	1443000759701	1443000759713	OK	 
REQUEST	CrowdFunding	42		InitiateCall2.jsp	1443000759728	1443000759740	OK	 
REQUEST	CrowdFunding	51		homepage	1443000759246	1443000759566	OK	 
REQUEST	CrowdFunding	15		InitiateCall2.jsp	1443000759783	1443000759817	OK	 
REQUEST	CrowdFunding	75		homepage	1443000759290	1443000759819	OK	 
REQUEST	CrowdFunding	20		InitiateCall2.jsp	1443000759772	1443000759819	OK	 
REQUEST	CrowdFunding	62		InitiateCall2.jsp	1443000759732	1443000759817	OK	 
REQUEST	CrowdFunding	8		InitiateCall2.jsp	1443000759813	1443000759828	OK	 
REQUEST	CrowdFunding	70		InitiateCall2.jsp	1443000759713	1443000759829	OK	 
REQUEST	CrowdFunding	24		InitiateCall2.jsp	1443000759781	1443000759792	OK	 
REQUEST	CrowdFunding	23		InitiateCall2.jsp	1443000759671	1443000759682	OK	 
REQUEST	CrowdFunding	43		InitiateCall2.jsp	1443000759778	1443000759834	OK	 
REQUEST	CrowdFunding	36		InitiateCall2.jsp	1443000759793	1443000759835	OK	 
REQUEST	CrowdFunding	13		InitiateCall2.jsp	1443000759742	1443000759806	OK	 
REQUEST	CrowdFunding	3		InitiateCall2.jsp	1443000759772	1443000759836	OK	 
REQUEST	CrowdFunding	14		InitiateCall2.jsp	1443000759774	1443000759822	OK	 
REQUEST	CrowdFunding	10		InitiateCall2.jsp	1443000759741	1443000759836	OK	 
REQUEST	CrowdFunding	75		InitiateCall2.jsp	1443000759821	1443000759838	OK	 
REQUEST	CrowdFunding	39		InitiateCall2.jsp	1443000759780	1443000759837	OK	 
REQUEST	CrowdFunding	35		InitiateCall2.jsp	1443000759808	1443000759837	OK	 
REQUEST	CrowdFunding	11		InitiateCall2.jsp	1443000759808	1443000759837	OK	 
REQUEST	CrowdFunding	6		InitiateCall2.jsp	1443000759773	1443000759837	OK	 
REQUEST	CrowdFunding	95		InitiateCall2.jsp	1443000759771	1443000759837	OK	 
REQUEST	CrowdFunding	19		InitiateCall2.jsp	1443000759813	1443000759837	OK	 
REQUEST	CrowdFunding	48		InitiateCall2.jsp	1443000759776	1443000759837	OK	 
REQUEST	CrowdFunding	21		homepage	1443000759191	1443000759839	OK	 
REQUEST	CrowdFunding	29		homepage	1443000759200	1443000759839	OK	 
REQUEST	CrowdFunding	94		InitiateCall2.jsp	1443000759743	1443000759844	OK	 
REQUEST	CrowdFunding	46		InitiateCall2.jsp	1443000759788	1443000759830	OK	 
REQUEST	CrowdFunding	92		InitiateCall2.jsp	1443000759834	1443000759839	OK	 
REQUEST	CrowdFunding	45		InitiateCall2.jsp	1443000759724	1443000759844	OK	 
REQUEST	CrowdFunding	27		InitiateCall2.jsp	1443000759775	1443000759845	OK	 
REQUEST	CrowdFunding	66		homepage	1443000759278	1443000759647	OK	 
REQUEST	CrowdFunding	82		homepage	1443000759298	1443000759842	OK	 
REQUEST	CrowdFunding	50		homepage	1443000759245	1443000759844	OK	 
REQUEST	CrowdFunding	58		homepage	1443000759256	1443000759844	OK	 
REQUEST	CrowdFunding	98		homepage	1443000759313	1443000759844	OK	 
REQUEST	CrowdFunding	26		homepage	1443000759196	1443000759845	OK	 
REQUEST	CrowdFunding	5		InitiateCall2.jsp	1443000759812	1443000759847	OK	 
REQUEST	CrowdFunding	74		InitiateCall2.jsp	1443000759784	1443000759849	OK	 
REQUEST	CrowdFunding	51		InitiateCall2.jsp	1443000759819	1443000759849	OK	 
REQUEST	CrowdFunding	33		homepage	1443000759206	1443000759484	OK	 
REQUEST	CrowdFunding	28		InitiateCall2.jsp	1443000759702	1443000759855	OK	 
REQUEST	CrowdFunding	86		InitiateCall2.jsp	1443000759776	1443000759855	OK	 
REQUEST	CrowdFunding	30		InitiateCall2.jsp	1443000759787	1443000759856	OK	 
REQUEST	CrowdFunding	31		InitiateCall2.jsp	1443000759740	1443000759856	OK	 
REQUEST	CrowdFunding	12		InitiateCall2.jsp	1443000759832	1443000759856	OK	 
REQUEST	CrowdFunding	25		homepage	1443000759195	1443000759859	OK	 
REQUEST	CrowdFunding	17		homepage	1443000759185	1443000759860	OK	 
REQUEST	CrowdFunding	18		homepage	1443000759186	1443000759860	OK	 
REQUEST	CrowdFunding	49		homepage	1443000759244	1443000759860	OK	 
REQUEST	CrowdFunding	29		InitiateCall2.jsp	1443000759854	1443000759860	OK	 
REQUEST	CrowdFunding	47		InitiateCall2.jsp	1443000759683	1443000759866	OK	 
REQUEST	CrowdFunding	7		InitiateCall2.jsp	1443000759782	1443000759867	OK	 
REQUEST	CrowdFunding	44		InitiateCall2.jsp	1443000759735	1443000759868	OK	 
REQUEST	CrowdFunding	1		InitiateCall2.jsp	1443000759810	1443000759869	OK	 
REQUEST	CrowdFunding	87		InitiateCall2.jsp	1443000759774	1443000759871	OK	 
REQUEST	CrowdFunding	9		InitiateCall2.jsp	1443000759813	1443000759872	OK	 
REQUEST	CrowdFunding	26		InitiateCall2.jsp	1443000759851	1443000759874	OK	 
REQUEST	CrowdFunding	82		InitiateCall2.jsp	1443000759858	1443000759874	OK	 
REQUEST	CrowdFunding	50		InitiateCall2.jsp	1443000759848	1443000759876	OK	 
REQUEST	CrowdFunding	98		InitiateCall2.jsp	1443000759848	1443000759878	OK	 
REQUEST	CrowdFunding	21		InitiateCall2.jsp	1443000759856	1443000759878	OK	 
REQUEST	CrowdFunding	33		InitiateCall2.jsp	1443000759854	1443000759878	OK	 
REQUEST	CrowdFunding	58		InitiateCall2.jsp	1443000759850	1443000759881	OK	 
REQUEST	CrowdFunding	17		InitiateCall2.jsp	1443000759864	1443000759886	OK	 
REQUEST	CrowdFunding	18		InitiateCall2.jsp	1443000759864	1443000759886	OK	 
REQUEST	CrowdFunding	66		InitiateCall2.jsp	1443000759857	1443000759879	OK	 
REQUEST	CrowdFunding	25		InitiateCall2.jsp	1443000759886	1443000759892	OK	 
REQUEST	CrowdFunding	49		InitiateCall2.jsp	1443000759865	1443000759895	OK	 
REQUEST	CrowdFunding	37		homepage	1443000759212	1443000759901	OK	 
REQUEST	CrowdFunding	41		homepage	1443000759229	1443000759905	OK	 
REQUEST	CrowdFunding	37		InitiateCall2.jsp	1443000759903	1443000759908	OK	 
REQUEST	CrowdFunding	41		InitiateCall2.jsp	1443000759907	1443000759913	OK	 
REQUEST	CrowdFunding	34		homepage	1443000759207	1443000759921	OK	 
REQUEST	CrowdFunding	34		InitiateCall2.jsp	1443000759922	1443000759929	OK	 
REQUEST	CrowdFunding	68		homepage	1443000759280	1443000759936	OK	 
REQUEST	CrowdFunding	57		homepage	1443000759254	1443000759937	OK	 
REQUEST	CrowdFunding	68		InitiateCall2.jsp	1443000759937	1443000759951	OK	 
REQUEST	CrowdFunding	57		InitiateCall2.jsp	1443000759938	1443000759952	OK	 
REQUEST	CrowdFunding	73		homepage	1443000759288	1443000759963	OK	 
REQUEST	CrowdFunding	56		homepage	1443000759253	1443000759973	OK	 
REQUEST	CrowdFunding	89		homepage	1443000759304	1443000759973	OK	 
REQUEST	CrowdFunding	100		homepage	1443000759314	1443000759975	OK	 
REQUEST	CrowdFunding	73		InitiateCall2.jsp	1443000759964	1443000759978	OK	 
REQUEST	CrowdFunding	69		homepage	1443000759281	1443000759978	OK	 
REQUEST	CrowdFunding	88		homepage	1443000759303	1443000759983	OK	 
REQUEST	CrowdFunding	56		InitiateCall2.jsp	1443000759974	1443000759985	OK	 
REQUEST	CrowdFunding	89		InitiateCall2.jsp	1443000759975	1443000759985	OK	 
REQUEST	CrowdFunding	100		InitiateCall2.jsp	1443000759976	1443000759986	OK	 
REQUEST	CrowdFunding	69		InitiateCall2.jsp	1443000759980	1443000759992	OK	 
REQUEST	CrowdFunding	72		homepage	1443000759287	1443000759993	OK	 
REQUEST	CrowdFunding	59		homepage	1443000759259	1443000759995	OK	 
REQUEST	CrowdFunding	88		InitiateCall2.jsp	1443000759984	1443000759996	OK	 
REQUEST	CrowdFunding	52		homepage	1443000759247	1443000759996	OK	 
REQUEST	CrowdFunding	85		homepage	1443000759300	1443000759998	OK	 
REQUEST	CrowdFunding	91		homepage	1443000759306	1443000759998	OK	 
REQUEST	CrowdFunding	53		homepage	1443000759249	1443000759999	OK	 
REQUEST	CrowdFunding	84		homepage	1443000759299	1443000760001	OK	 
REQUEST	CrowdFunding	59		InitiateCall2.jsp	1443000759997	1443000760009	OK	 
REQUEST	CrowdFunding	72		InitiateCall2.jsp	1443000759995	1443000760010	OK	 
REQUEST	CrowdFunding	52		InitiateCall2.jsp	1443000759998	1443000760012	OK	 
REQUEST	CrowdFunding	85		InitiateCall2.jsp	1443000760000	1443000760016	OK	 
REQUEST	CrowdFunding	84		InitiateCall2.jsp	1443000760002	1443000760023	OK	 
REQUEST	CrowdFunding	53		InitiateCall2.jsp	1443000760002	1443000760024	OK	 
REQUEST	CrowdFunding	91		InitiateCall2.jsp	1443000760003	1443000760025	OK	 
REQUEST	CrowdFunding	81		homepage	1443000759296	1443000760068	OK	 
REQUEST	CrowdFunding	83		homepage	1443000759298	1443000760069	OK	 
REQUEST	CrowdFunding	61		homepage	1443000759274	1443000760070	OK	 
REQUEST	CrowdFunding	71		homepage	1443000759285	1443000760071	OK	 
REQUEST	CrowdFunding	93		homepage	1443000759308	1443000760071	OK	 
REQUEST	CrowdFunding	77		homepage	1443000759292	1443000760072	OK	 
REQUEST	CrowdFunding	99		homepage	1443000759314	1443000760073	OK	 
REQUEST	CrowdFunding	65		homepage	1443000759278	1443000760072	OK	 
REQUEST	CrowdFunding	60		homepage	1443000759270	1443000760081	OK	 
REQUEST	CrowdFunding	96		homepage	1443000759311	1443000760081	OK	 
REQUEST	CrowdFunding	76		homepage	1443000759291	1443000760081	OK	 
REQUEST	CrowdFunding	64		homepage	1443000759277	1443000760081	OK	 
REQUEST	CrowdFunding	55		homepage	1443000759252	1443000760076	OK	 
REQUEST	CrowdFunding	65		InitiateCall2.jsp	1443000760075	1443000760083	OK	 
REQUEST	CrowdFunding	97		homepage	1443000759312	1443000760079	OK	 
REQUEST	CrowdFunding	67		homepage	1443000759279	1443000760077	OK	 
REQUEST	CrowdFunding	61		InitiateCall2.jsp	1443000760072	1443000760079	OK	 
REQUEST	CrowdFunding	80		homepage	1443000759295	1443000760080	OK	 
REQUEST	CrowdFunding	90		homepage	1443000759305	1443000760080	OK	 
REQUEST	CrowdFunding	63		homepage	1443000759276	1443000760078	OK	 
REQUEST	CrowdFunding	71		InitiateCall2.jsp	1443000760074	1443000760087	OK	 
REQUEST	CrowdFunding	79		homepage	1443000759294	1443000760086	OK	 
REQUEST	CrowdFunding	64		InitiateCall2.jsp	1443000760085	1443000760090	OK	 
REQUEST	CrowdFunding	76		InitiateCall2.jsp	1443000760084	1443000760090	OK	 
REQUEST	CrowdFunding	80		InitiateCall2.jsp	1443000760087	1443000760092	OK	 
REQUEST	CrowdFunding	60		InitiateCall2.jsp	1443000760086	1443000760091	OK	 
REQUEST	CrowdFunding	93		InitiateCall2.jsp	1443000760073	1443000760085	OK	 
REQUEST	CrowdFunding	97		InitiateCall2.jsp	1443000760088	1443000760092	OK	 
REQUEST	CrowdFunding	83		InitiateCall2.jsp	1443000760081	1443000760093	OK	 
REQUEST	CrowdFunding	81		InitiateCall2.jsp	1443000760071	1443000760085	OK	 
REQUEST	CrowdFunding	90		InitiateCall2.jsp	1443000760087	1443000760094	OK	 
REQUEST	CrowdFunding	77		InitiateCall2.jsp	1443000760089	1443000760095	OK	 
REQUEST	CrowdFunding	63		InitiateCall2.jsp	1443000760088	1443000760095	OK	 
REQUEST	CrowdFunding	99		InitiateCall2.jsp	1443000760090	1443000760096	OK	 
REQUEST	CrowdFunding	67		InitiateCall2.jsp	1443000760089	1443000760099	OK	 
REQUEST	CrowdFunding	96		InitiateCall2.jsp	1443000760091	1443000760099	OK	 
REQUEST	CrowdFunding	55		InitiateCall2.jsp	1443000760094	1443000760099	OK	 
REQUEST	CrowdFunding	79		InitiateCall2.jsp	1443000760089	1443000760104	OK	 
REQUEST	CrowdFunding	54		projectList	1443000761800	1443000761832	OK	 
REQUEST	CrowdFunding	32		projectList	1443000761797	1443000761845	OK	 
REQUEST	CrowdFunding	15		projectList	1443000761826	1443000761847	OK	 
REQUEST	CrowdFunding	2		projectList	1443000761798	1443000761848	OK	 
REQUEST	CrowdFunding	78		projectList	1443000761799	1443000761851	OK	 
REQUEST	CrowdFunding	62		projectList	1443000761828	1443000761851	OK	 
REQUEST	CrowdFunding	38		projectList	1443000761819	1443000761854	OK	 
REQUEST	CrowdFunding	42		projectList	1443000761825	1443000761861	OK	 
REQUEST	CrowdFunding	20		projectList	1443000761828	1443000761863	OK	 
REQUEST	CrowdFunding	16		projectList	1443000761824	1443000761864	OK	 
REQUEST	CrowdFunding	40		projectList	1443000761820	1443000761864	OK	 
REQUEST	CrowdFunding	4		projectList	1443000761821	1443000761865	OK	 
REQUEST	CrowdFunding	22		projectList	1443000761822	1443000761866	OK	 
REQUEST	CrowdFunding	43		projectList	1443000761869	1443000761882	OK	 
REQUEST	CrowdFunding	23		projectList	1443000761868	1443000761895	OK	 
REQUEST	CrowdFunding	39		projectList	1443000761876	1443000761897	OK	 
REQUEST	CrowdFunding	3		projectList	1443000761871	1443000761898	OK	 
REQUEST	CrowdFunding	35		projectList	1443000761877	1443000761900	OK	 
REQUEST	CrowdFunding	8		projectList	1443000761867	1443000761909	OK	 
REQUEST	CrowdFunding	19		projectList	1443000761879	1443000761910	OK	 
REQUEST	CrowdFunding	75		projectList	1443000761875	1443000761910	OK	 
REQUEST	CrowdFunding	13		projectList	1443000761871	1443000761916	OK	 
REQUEST	CrowdFunding	5		projectList	1443000761884	1443000761917	OK	 
REQUEST	CrowdFunding	95		projectList	1443000761873	1443000761920	OK	 
REQUEST	CrowdFunding	94		projectList	1443000761880	1443000761925	OK	 
REQUEST	CrowdFunding	70		projectList	1443000761867	1443000761925	OK	 
REQUEST	CrowdFunding	27		projectList	1443000761882	1443000761928	OK	 
REQUEST	CrowdFunding	45		projectList	1443000761884	1443000761930	OK	 
REQUEST	CrowdFunding	6		projectList	1443000761878	1443000761931	OK	 
REQUEST	CrowdFunding	14		projectList	1443000761872	1443000761940	OK	 
REQUEST	CrowdFunding	51		projectList	1443000761886	1443000761935	OK	 
REQUEST	CrowdFunding	10		projectList	1443000761874	1443000761950	OK	 
REQUEST	CrowdFunding	92		projectList	1443000761882	1443000761961	OK	 
REQUEST	CrowdFunding	46		projectList	1443000761881	1443000761980	OK	 
REQUEST	CrowdFunding	24		projectList	1443000761868	1443000761980	OK	 
REQUEST	CrowdFunding	28		projectList	1443000761942	1443000761988	OK	 
REQUEST	CrowdFunding	30		projectList	1443000761943	1443000761992	OK	 
REQUEST	CrowdFunding	31		projectList	1443000761943	1443000761994	OK	 
REQUEST	CrowdFunding	48		projectList	1443000761880	1443000761995	OK	 
REQUEST	CrowdFunding	11		projectList	1443000761872	1443000761996	OK	 
REQUEST	CrowdFunding	7		projectList	1443000761946	1443000762000	OK	 
REQUEST	CrowdFunding	44		projectList	1443000761947	1443000762014	OK	 
REQUEST	CrowdFunding	12		projectList	1443000761944	1443000762021	OK	 
REQUEST	CrowdFunding	47		projectList	1443000761945	1443000762021	OK	 
REQUEST	CrowdFunding	1		projectList	1443000761948	1443000762024	OK	 
REQUEST	CrowdFunding	33		projectList	1443000761953	1443000762026	OK	 
REQUEST	CrowdFunding	58		projectList	1443000761954	1443000762033	OK	 
REQUEST	CrowdFunding	9		projectList	1443000761950	1443000762041	OK	 
REQUEST	CrowdFunding	86		projectList	1443000761944	1443000762046	OK	 
REQUEST	CrowdFunding	50		projectList	1443000761951	1443000762049	OK	 
REQUEST	CrowdFunding	87		projectList	1443000761949	1443000762051	OK	 
REQUEST	CrowdFunding	74		projectList	1443000761885	1443000762059	OK	 
REQUEST	CrowdFunding	82		projectList	1443000761951	1443000762064	OK	 
REQUEST	CrowdFunding	36		projectList	1443000761870	1443000762065	OK	 
REQUEST	CrowdFunding	98		projectList	1443000761952	1443000762065	OK	 
REQUEST	CrowdFunding	37		projectList	1443000761956	1443000762071	OK	 
REQUEST	CrowdFunding	34		projectList	1443000761956	1443000762075	OK	 
REQUEST	CrowdFunding	29		projectList	1443000761945	1443000762083	OK	 
REQUEST	CrowdFunding	18		projectList	1443000761954	1443000762091	OK	 
REQUEST	CrowdFunding	68		projectList	1443000761967	1443000762092	OK	 
REQUEST	CrowdFunding	57		projectList	1443000761968	1443000762093	OK	 
REQUEST	CrowdFunding	26		projectList	1443000761951	1443000762096	OK	 
REQUEST	CrowdFunding	21		projectList	1443000761953	1443000762099	OK	 
REQUEST	CrowdFunding	17		projectList	1443000761954	1443000762100	OK	 
REQUEST	CrowdFunding	49		projectList	1443000761955	1443000762101	OK	 
REQUEST	CrowdFunding	100		projectList	1443000761999	1443000762103	OK	 
REQUEST	CrowdFunding	56		projectList	1443000761998	1443000762103	OK	 
REQUEST	CrowdFunding	89		projectList	1443000761998	1443000762104	OK	 
REQUEST	CrowdFunding	88		projectList	1443000762008	1443000762105	OK	 
REQUEST	CrowdFunding	69		projectList	1443000762008	1443000762106	OK	 
REQUEST	CrowdFunding	52		projectList	1443000762018	1443000762108	OK	 
REQUEST	CrowdFunding	72		projectList	1443000762019	1443000762109	OK	 
REQUEST	CrowdFunding	59		projectList	1443000762019	1443000762109	OK	 
REQUEST	CrowdFunding	25		projectList	1443000761955	1443000762110	OK	 
REQUEST	CrowdFunding	85		projectList	1443000762028	1443000762113	OK	 
REQUEST	CrowdFunding	53		projectList	1443000762038	1443000762114	OK	 
REQUEST	CrowdFunding	91		projectList	1443000762039	1443000762114	OK	 
REQUEST	CrowdFunding	84		projectList	1443000762038	1443000762119	OK	 
REQUEST	CrowdFunding	41		projectList	1443000761956	1443000762120	OK	 
REQUEST	CrowdFunding	73		projectList	1443000761987	1443000762127	OK	 
REQUEST	CrowdFunding	65		projectList	1443000762108	1443000762166	OK	 
REQUEST	CrowdFunding	61		projectList	1443000762109	1443000762168	OK	 
REQUEST	CrowdFunding	71		projectList	1443000762110	1443000762173	OK	 
REQUEST	CrowdFunding	90		projectList	1443000762116	1443000762175	OK	 
REQUEST	CrowdFunding	64		projectList	1443000762112	1443000762176	OK	 
REQUEST	CrowdFunding	76		projectList	1443000762112	1443000762177	OK	 
REQUEST	CrowdFunding	83		projectList	1443000762114	1443000762178	OK	 
REQUEST	CrowdFunding	93		projectList	1443000762113	1443000762179	OK	 
REQUEST	CrowdFunding	81		projectList	1443000762116	1443000762179	OK	 
REQUEST	CrowdFunding	60		projectList	1443000762113	1443000762180	OK	 
REQUEST	CrowdFunding	63		projectList	1443000762117	1443000762181	OK	 
REQUEST	CrowdFunding	97		projectList	1443000762114	1443000762181	OK	 
REQUEST	CrowdFunding	77		projectList	1443000762117	1443000762182	OK	 
REQUEST	CrowdFunding	67		projectList	1443000762118	1443000762183	OK	 
REQUEST	CrowdFunding	80		projectList	1443000762112	1443000762183	OK	 
REQUEST	CrowdFunding	99		projectList	1443000762119	1443000762184	OK	 
REQUEST	CrowdFunding	55		projectList	1443000762121	1443000762184	OK	 
REQUEST	CrowdFunding	96		projectList	1443000762120	1443000762185	OK	 
REQUEST	CrowdFunding	79		projectList	1443000762122	1443000762186	OK	 
REQUEST	CrowdFunding	66		projectList	1443000761955	1443000762518	OK	 
REQUEST	CrowdFunding	38		projectView	1443000763857	1443000763865	OK	 
REQUEST	CrowdFunding	40		projectView	1443000763859	1443000763870	OK	 
REQUEST	CrowdFunding	4		projectView	1443000763860	1443000763871	OK	 
REQUEST	CrowdFunding	54		projectView	1443000763868	1443000763877	OK	 
USER	CrowdFunding	38	END	1443000759112	1443000763880
USER	CrowdFunding	40	END	1443000759112	1443000763882
REQUEST	CrowdFunding	32		projectView	1443000763871	1443000763885	OK	 
USER	CrowdFunding	4	END	1443000759112	1443000763888
USER	CrowdFunding	54	END	1443000759113	1443000763888
USER	CrowdFunding	32	END	1443000759112	1443000763889
REQUEST	CrowdFunding	16		projectView	1443000763887	1443000763890	OK	 
REQUEST	CrowdFunding	2		projectView	1443000763878	1443000763891	OK	 
REQUEST	CrowdFunding	42		projectView	1443000763887	1443000763892	OK	 
REQUEST	CrowdFunding	22		projectView	1443000763890	1443000763897	OK	 
REQUEST	CrowdFunding	20		projectView	1443000763892	1443000763896	OK	 
REQUEST	CrowdFunding	78		projectView	1443000763884	1443000763897	OK	 
REQUEST	CrowdFunding	15		projectView	1443000763891	1443000763898	OK	 
REQUEST	CrowdFunding	62		projectView	1443000763892	1443000763898	OK	 
USER	CrowdFunding	16	END	1443000759112	1443000763898
USER	CrowdFunding	2	END	1443000759112	1443000763899
USER	CrowdFunding	42	END	1443000759112	1443000763900
USER	CrowdFunding	22	END	1443000759112	1443000763900
USER	CrowdFunding	20	END	1443000759112	1443000763901
USER	CrowdFunding	78	END	1443000759113	1443000763902
USER	CrowdFunding	15	END	1443000759112	1443000763905
USER	CrowdFunding	62	END	1443000759113	1443000763906
REQUEST	CrowdFunding	23		projectView	1443000763914	1443000763919	OK	 
USER	CrowdFunding	23	END	1443000759112	1443000763919
REQUEST	CrowdFunding	8		projectView	1443000763916	1443000763920	OK	 
REQUEST	CrowdFunding	70		projectView	1443000763917	1443000763920	OK	 
USER	CrowdFunding	8	END	1443000759112	1443000763922
REQUEST	CrowdFunding	43		projectView	1443000763916	1443000763921	OK	 
USER	CrowdFunding	70	END	1443000759113	1443000763922
USER	CrowdFunding	43	END	1443000759112	1443000763923
REQUEST	CrowdFunding	39		projectView	1443000763924	1443000763928	OK	 
USER	CrowdFunding	39	END	1443000759112	1443000763929
REQUEST	CrowdFunding	3		projectView	1443000763925	1443000763931	OK	 
USER	CrowdFunding	3	END	1443000759112	1443000763933
REQUEST	CrowdFunding	35		projectView	1443000763925	1443000763932	OK	 
REQUEST	CrowdFunding	75		projectView	1443000763927	1443000763933	OK	 
REQUEST	CrowdFunding	14		projectView	1443000763930	1443000763934	OK	 
USER	CrowdFunding	35	END	1443000759112	1443000763936
USER	CrowdFunding	75	END	1443000759113	1443000763936
USER	CrowdFunding	14	END	1443000759112	1443000763939
REQUEST	CrowdFunding	13		projectView	1443000763927	1443000763936	OK	 
REQUEST	CrowdFunding	95		projectView	1443000763928	1443000763934	OK	 
USER	CrowdFunding	13	END	1443000759112	1443000763942
USER	CrowdFunding	95	END	1443000759114	1443000763943
REQUEST	CrowdFunding	30		projectView	1443000763931	1443000763938	OK	 
REQUEST	CrowdFunding	31		projectView	1443000763931	1443000763939	OK	 
USER	CrowdFunding	30	END	1443000759112	1443000763943
USER	CrowdFunding	31	END	1443000759112	1443000763944
REQUEST	CrowdFunding	6		projectView	1443000763929	1443000763944	OK	 
REQUEST	CrowdFunding	19		projectView	1443000763926	1443000763943	OK	 
USER	CrowdFunding	19	END	1443000759112	1443000763945
REQUEST	CrowdFunding	28		projectView	1443000763930	1443000763946	OK	 
USER	CrowdFunding	6	END	1443000759112	1443000763947
USER	CrowdFunding	28	END	1443000759112	1443000763947
REQUEST	CrowdFunding	5		projectView	1443000763946	1443000763950	OK	 
REQUEST	CrowdFunding	94		projectView	1443000763948	1443000763950	OK	 
REQUEST	CrowdFunding	27		projectView	1443000763948	1443000763951	OK	 
USER	CrowdFunding	5	END	1443000759112	1443000763951
USER	CrowdFunding	94	END	1443000759113	1443000763951
USER	CrowdFunding	27	END	1443000759112	1443000763951
REQUEST	CrowdFunding	10		projectView	1443000763949	1443000763952	OK	 
REQUEST	CrowdFunding	7		projectView	1443000763949	1443000763952	OK	 
USER	CrowdFunding	10	END	1443000759112	1443000763953
USER	CrowdFunding	7	END	1443000759112	1443000763953
REQUEST	CrowdFunding	45		projectView	1443000763948	1443000763953	OK	 
USER	CrowdFunding	45	END	1443000759112	1443000763953
REQUEST	CrowdFunding	51		projectView	1443000763948	1443000763954	OK	 
USER	CrowdFunding	51	END	1443000759113	1443000763954
REQUEST	CrowdFunding	44		projectView	1443000763957	1443000763960	OK	 
USER	CrowdFunding	44	END	1443000759112	1443000763961
REQUEST	CrowdFunding	12		projectView	1443000763957	1443000763961	OK	 
USER	CrowdFunding	12	END	1443000759112	1443000763964
REQUEST	CrowdFunding	92		projectView	1443000763967	1443000763971	OK	 
REQUEST	CrowdFunding	24		projectView	1443000763967	1443000763971	OK	 
USER	CrowdFunding	92	END	1443000759113	1443000763972
USER	CrowdFunding	24	END	1443000759112	1443000763972
REQUEST	CrowdFunding	1		projectView	1443000763968	1443000763972	OK	 
USER	CrowdFunding	1	END	1443000759109	1443000763973
REQUEST	CrowdFunding	47		projectView	1443000763967	1443000763973	OK	 
USER	CrowdFunding	47	END	1443000759113	1443000763974
REQUEST	CrowdFunding	33		projectView	1443000763977	1443000763981	OK	 
REQUEST	CrowdFunding	86		projectView	1443000763977	1443000763981	OK	 
USER	CrowdFunding	33	END	1443000759112	1443000763981
USER	CrowdFunding	86	END	1443000759113	1443000763981
REQUEST	CrowdFunding	46		projectView	1443000763987	1443000763990	OK	 
REQUEST	CrowdFunding	48		projectView	1443000763987	1443000763990	OK	 
USER	CrowdFunding	46	END	1443000759113	1443000763991
USER	CrowdFunding	48	END	1443000759113	1443000763991
REQUEST	CrowdFunding	11		projectView	1443000763987	1443000763991	OK	 
USER	CrowdFunding	11	END	1443000759112	1443000763993
REQUEST	CrowdFunding	58		projectView	1443000763988	1443000763994	OK	 
USER	CrowdFunding	58	END	1443000759113	1443000763995
REQUEST	CrowdFunding	87		projectView	1443000763998	1443000764001	OK	 
USER	CrowdFunding	87	END	1443000759113	1443000764002
REQUEST	CrowdFunding	9		projectView	1443000763997	1443000764002	OK	 
USER	CrowdFunding	9	END	1443000759112	1443000764004
REQUEST	CrowdFunding	50		projectView	1443000764007	1443000764011	OK	 
USER	CrowdFunding	50	END	1443000759113	1443000764012
REQUEST	CrowdFunding	98		projectView	1443000764018	1443000764022	OK	 
USER	CrowdFunding	98	END	1443000759114	1443000764023
REQUEST	CrowdFunding	82		projectView	1443000764017	1443000764022	OK	 
USER	CrowdFunding	82	END	1443000759113	1443000764025
REQUEST	CrowdFunding	29		projectView	1443000764028	1443000764032	OK	 
USER	CrowdFunding	29	END	1443000759112	1443000764033
REQUEST	CrowdFunding	36		projectView	1443000764049	1443000764053	OK	 
USER	CrowdFunding	36	END	1443000759112	1443000764054
REQUEST	CrowdFunding	26		projectView	1443000764048	1443000764054	OK	 
USER	CrowdFunding	26	END	1443000759112	1443000764055
REQUEST	CrowdFunding	21		projectView	1443000764058	1443000764062	OK	 
REQUEST	CrowdFunding	18		projectView	1443000764059	1443000764062	OK	 
USER	CrowdFunding	18	END	1443000759112	1443000764063
USER	CrowdFunding	21	END	1443000759112	1443000764063
REQUEST	CrowdFunding	37		projectView	1443000764058	1443000764063	OK	 
USER	CrowdFunding	37	END	1443000759112	1443000764064
REQUEST	CrowdFunding	17		projectView	1443000764068	1443000764072	OK	 
REQUEST	CrowdFunding	74		projectView	1443000764068	1443000764072	OK	 
USER	CrowdFunding	17	END	1443000759112	1443000764072
USER	CrowdFunding	74	END	1443000759113	1443000764073
REQUEST	CrowdFunding	34		projectView	1443000764078	1443000764081	OK	 
REQUEST	CrowdFunding	49		projectView	1443000764078	1443000764081	OK	 
USER	CrowdFunding	49	END	1443000759113	1443000764082
USER	CrowdFunding	34	END	1443000759112	1443000764082
REQUEST	CrowdFunding	25		projectView	1443000764088	1443000764092	OK	 
USER	CrowdFunding	25	END	1443000759112	1443000764093
REQUEST	CrowdFunding	57		projectView	1443000764098	1443000764101	OK	 
REQUEST	CrowdFunding	68		projectView	1443000764099	1443000764101	OK	 
USER	CrowdFunding	57	END	1443000759113	1443000764102
USER	CrowdFunding	68	END	1443000759113	1443000764102
REQUEST	CrowdFunding	100		projectView	1443000764108	1443000764113	OK	 
USER	CrowdFunding	100	END	1443000759114	1443000764113
REQUEST	CrowdFunding	41		projectView	1443000764109	1443000764114	OK	 
REQUEST	CrowdFunding	69		projectView	1443000764109	1443000764114	OK	 
USER	CrowdFunding	41	END	1443000759112	1443000764114
USER	CrowdFunding	69	END	1443000759113	1443000764114
REQUEST	CrowdFunding	56		projectView	1443000764108	1443000764115	OK	 
USER	CrowdFunding	56	END	1443000759113	1443000764116
REQUEST	CrowdFunding	89		projectView	1443000764110	1443000764117	OK	 
REQUEST	CrowdFunding	88		projectView	1443000764110	1443000764117	OK	 
USER	CrowdFunding	89	END	1443000759113	1443000764117
USER	CrowdFunding	88	END	1443000759113	1443000764117
REQUEST	CrowdFunding	85		projectView	1443000764118	1443000764123	OK	 
REQUEST	CrowdFunding	53		projectView	1443000764118	1443000764124	OK	 
USER	CrowdFunding	85	END	1443000759113	1443000764124
USER	CrowdFunding	53	END	1443000759113	1443000764124
REQUEST	CrowdFunding	91		projectView	1443000764118	1443000764125	OK	 
USER	CrowdFunding	91	END	1443000759113	1443000764126
REQUEST	CrowdFunding	84		projectView	1443000764119	1443000764127	OK	 
USER	CrowdFunding	84	END	1443000759113	1443000764127
REQUEST	CrowdFunding	52		projectView	1443000764128	1443000764131	OK	 
USER	CrowdFunding	52	END	1443000759113	1443000764132
REQUEST	CrowdFunding	72		projectView	1443000764129	1443000764131	OK	 
REQUEST	CrowdFunding	59		projectView	1443000764128	1443000764132	OK	 
USER	CrowdFunding	72	END	1443000759113	1443000764132
USER	CrowdFunding	59	END	1443000759113	1443000764132
REQUEST	CrowdFunding	73		projectView	1443000764138	1443000764141	OK	 
USER	CrowdFunding	73	END	1443000759113	1443000764142
REQUEST	CrowdFunding	65		projectView	1443000764158	1443000764163	OK	 
REQUEST	CrowdFunding	61		projectView	1443000764158	1443000764163	OK	 
USER	CrowdFunding	65	END	1443000759113	1443000764163
USER	CrowdFunding	61	END	1443000759113	1443000764164
REQUEST	CrowdFunding	71		projectView	1443000764168	1443000764173	OK	 
USER	CrowdFunding	71	END	1443000759113	1443000764174
REQUEST	CrowdFunding	93		projectView	1443000764179	1443000764185	OK	 
USER	CrowdFunding	93	END	1443000759113	1443000764185
REQUEST	CrowdFunding	64		projectView	1443000764178	1443000764187	OK	 
REQUEST	CrowdFunding	77		projectView	1443000764180	1443000764187	OK	 
USER	CrowdFunding	64	END	1443000759113	1443000764188
REQUEST	CrowdFunding	63		projectView	1443000764181	1443000764188	OK	 
REQUEST	CrowdFunding	83		projectView	1443000764179	1443000764188	OK	 
REQUEST	CrowdFunding	81		projectView	1443000764180	1443000764189	OK	 
REQUEST	CrowdFunding	97		projectView	1443000764181	1443000764189	OK	 
USER	CrowdFunding	77	END	1443000759113	1443000764190
REQUEST	CrowdFunding	90		projectView	1443000764178	1443000764189	OK	 
USER	CrowdFunding	63	END	1443000759113	1443000764190
USER	CrowdFunding	83	END	1443000759113	1443000764190
USER	CrowdFunding	81	END	1443000759113	1443000764191
REQUEST	CrowdFunding	76		projectView	1443000764179	1443000764191	OK	 
REQUEST	CrowdFunding	60		projectView	1443000764180	1443000764191	OK	 
USER	CrowdFunding	97	END	1443000759114	1443000764192
USER	CrowdFunding	90	END	1443000759113	1443000764193
USER	CrowdFunding	76	END	1443000759113	1443000764193
REQUEST	CrowdFunding	67		projectView	1443000764188	1443000764193	OK	 
USER	CrowdFunding	60	END	1443000759113	1443000764193
REQUEST	CrowdFunding	79		projectView	1443000764190	1443000764193	OK	 
USER	CrowdFunding	67	END	1443000759113	1443000764193
USER	CrowdFunding	79	END	1443000759113	1443000764194
REQUEST	CrowdFunding	80		projectView	1443000764189	1443000764195	OK	 
USER	CrowdFunding	80	END	1443000759113	1443000764195
REQUEST	CrowdFunding	55		projectView	1443000764199	1443000764202	OK	 
REQUEST	CrowdFunding	96		projectView	1443000764198	1443000764202	OK	 
REQUEST	CrowdFunding	99		projectView	1443000764198	1443000764203	OK	 
USER	CrowdFunding	96	END	1443000759114	1443000764203
USER	CrowdFunding	55	END	1443000759113	1443000764203
USER	CrowdFunding	99	END	1443000759114	1443000764203
REQUEST	CrowdFunding	66		projectView	1443000764489	1443000764497	OK	 
USER	CrowdFunding	66	END	1443000759113	1443000764498
